
	dt = 0.01		dr = 0.5		n = 7		A = 300		c0 = 1.45
    nzz = 300

	t		R		P*		P(Mpa)		P(Mpa)		P(Mpa)		U(mm/ms)		(mm/ms)		(mm/ms)
  (ms)		(m)	(Mpa)		z=r1		z=r2		z=r3		z=r1		z=r2		z=r3

   1.000   0.002  38.746  26.680  26.278  25.778   0.000   0.000   0.000
   2.000   0.010  49.050  26.680  26.278  25.778   0.000   0.000   0.000
   3.000   0.026  63.657  26.680  26.278  25.778   0.000   0.000   0.000
   4.000   0.049  73.035  26.680  26.278  25.778   0.000   0.000   0.000
   5.000   0.077  69.173  26.894  26.278  25.778   0.316   0.001   0.001
   6.000   0.103  62.364  29.703  26.278  25.778   2.877   0.001   0.001
   7.000   0.125  57.346  35.139  26.278  25.778   7.111   0.001   0.001
   8.000   0.145  54.726  42.106  26.278  25.778  11.981   0.001   0.001
   9.000   0.163  53.804  49.586  26.278  25.778  16.725   0.001   0.001
  10.000   0.181  54.292  56.640  26.278  25.778  20.795   0.001   0.001
  11.000   0.199  55.388  62.339  26.278  25.778  23.732   0.001   0.001
  12.000   0.218  56.786  65.482  26.278  25.778  24.871   0.001   0.001
  13.000   0.237  56.804  59.082  26.278  25.778  20.321   0.001   0.001
  14.000   0.256  55.909  56.750  26.278  25.778  18.744   0.002   0.002
  15.000   0.275  54.564  54.725  26.278  25.778  17.998   0.002   0.002
  16.000   0.293  53.214  53.880  26.278  25.778  17.720   0.002   0.002
  17.000   0.310  52.408  54.810  26.278  25.778  18.269   0.002   0.002
  18.000   0.326  51.608  55.857  26.278  25.778  18.920   0.002   0.002
  19.000   0.342  51.270  56.681  26.278  25.778  19.365   0.002   0.002
  20.000   0.358  50.937  56.534  26.278  25.778  19.097   0.002   0.002
  21.000   0.374  51.098  55.313  26.278  25.778  18.347   0.002   0.002
  22.000   0.389  51.447  53.942  26.278  25.778  17.455   0.002   0.002
  23.000   0.405  51.797  52.830  26.278  25.778  16.784   0.003   0.002
  24.000   0.422  52.147  52.088  26.278  25.778  16.342   0.003   0.003
  25.000   0.438  52.497  51.378  26.278  25.778  15.933   0.003   0.003
  26.000   0.455  52.698  51.103  26.278  25.778  15.761   0.003   0.003
  27.000   0.472  52.898  50.890  26.279  25.778  15.666   0.004   0.003
  28.000   0.489  53.098  51.168  26.362  25.778  15.861   0.104   0.003
  29.000   0.506  53.298  51.507  27.292  25.778  16.075   0.899   0.003
  30.000   0.523  53.498  51.856  29.357  25.778  16.293   2.458   0.003
  31.000   0.540  53.619  52.199  32.346  25.778  16.504   4.600   0.003
  32.000   0.557  53.739  52.494  36.040  25.778  16.678   7.146   0.003
  33.000   0.575  53.859  52.700  40.206  25.778  16.801   9.916   0.004
  34.000   0.592  53.979  52.898  44.595  25.778  16.925  12.735   0.004
  35.000   0.610  54.099  53.096  48.942  25.778  17.049  15.428   0.004
  36.000   0.627  54.199  53.293  52.955  25.778  17.170  17.819   0.004
  37.000   0.645  54.299  53.464  56.313  25.778  17.271  19.722   0.004
  38.000   0.663  54.399  53.582  58.604  25.778  17.342  20.892   0.004
  39.000   0.681  54.499  53.702  58.277  25.778  17.416  20.032   0.004
  40.000   0.699  54.599  53.820  53.563  25.778  17.490  17.569   0.004
  41.000   0.717  54.688  53.938  54.192  25.778  17.563  17.953   0.004
  42.000   0.734  54.777  54.050  54.070  25.778  17.631  17.971   0.005
  43.000   0.753  54.866  54.149  54.951  25.778  17.692  18.523   0.005
  44.000   0.771  54.955  54.248  55.688  25.778  17.754  18.952   0.005
  45.000   0.789  55.036  54.347  56.101  25.778  17.815  19.157   0.005
  46.000   0.807  55.108  54.446  55.649  25.778  17.877  18.733   0.005
  47.000   0.825  55.181  54.542  54.087  25.778  17.935  17.747   0.005
  48.000   0.843  55.254  54.630  53.001  25.778  17.990  17.111   0.005
  49.000   0.862  55.327  54.718  51.962  25.778  18.045  16.459   0.005
  50.000   0.880  55.399  54.807  51.391  25.778  18.100  16.150   0.005
  51.000   0.899  55.479  54.893  50.820  25.778  18.153  15.781   0.006
  52.000   0.917  55.559  54.970  50.649  25.778  18.200  15.721   0.006
  53.000   0.936  55.639  55.041  50.655  25.778  18.245  15.750   0.006
  54.000   0.954  55.719  55.114  50.947  25.778  18.289  15.944   0.006
  55.000   0.973  55.799  55.186  51.295  25.778  18.335  16.167   0.006
  56.000   0.991  55.710  55.259  51.634  25.778  18.380  16.377   0.006
  57.000   1.009  52.829  55.334  51.945  25.778  18.427  16.569   0.006
  58.000   1.026  49.190  55.414  52.209  25.782  18.477  16.729   0.010
  59.000   1.040  48.506  55.494  52.423  25.903  18.527  16.860   0.136
  60.000   1.054  47.906  55.574  52.619  26.649  18.577  16.983   0.739
  61.000   1.067  46.910  55.652  52.813  28.140  18.624  17.105   1.839
  62.000   1.080  46.108  55.654  52.993  30.273  18.595  17.215   3.353
  63.000   1.093  45.556  54.635  53.143  32.936  17.732  17.306   5.190
  64.000   1.105  45.006  51.563  53.263  36.005  15.778  17.379   7.256
  65.000   1.116  44.653  49.034  53.379  39.345  14.195  17.453   9.450
  66.000   1.128  44.303  48.135  53.498  42.806  13.925  17.527  11.669
  67.000   1.139  44.102  47.369  53.611  46.227  13.289  17.598  13.809
  68.000   1.151  43.902  46.611  53.717  49.434  12.777  17.664  15.763
  69.000   1.162  43.702  45.890  53.815  52.238  12.411  17.725  17.418
  70.000   1.173  43.502  45.248  53.914  54.423  12.043  17.787  18.648
  71.000   1.183  43.368  44.715  54.013  55.679  11.691  17.850  19.252
  72.000   1.194  43.202  44.419  54.109  54.433  11.478  17.910  18.082
  73.000   1.205  43.101  44.132  54.201  52.923  11.291  17.967  17.607
  74.000   1.215  42.951  43.969  54.289  53.878  11.191  18.022  18.166
  75.000   1.226  42.801  43.768  54.376  54.585  11.070  18.077  18.583
  76.000   1.236  42.651  43.570  54.463  55.097  10.952  18.132  18.880
  77.000   1.247  42.501  43.379  54.545  55.352  10.844  18.182  18.996
  78.000   1.257  42.335  43.235  54.618  54.853  10.761  18.228  18.564
  79.000   1.267  42.168  43.070  54.689  53.329  10.659  18.272  17.574
  80.000   1.277  42.002  42.952  54.762  52.096  10.587  18.318  16.881
  81.000   1.287  41.762  42.792  54.834  51.441  10.480  18.364  16.472
  82.000   1.296  41.522  42.647  54.908  50.698  10.386  18.411  16.015
  83.000   1.306  41.282  42.492  54.986  50.351  10.288  18.460  15.841
  84.000   1.315  41.042  42.335  55.066  50.129  10.184  18.510  15.695
  85.000   1.325  40.802  42.168  55.145  50.219  10.074  18.560  15.808
  86.000   1.334  40.543  42.004  55.213  50.525   9.965  18.600  15.997
  87.000   1.343  40.283  41.822  55.198  50.836   9.842  18.569  16.198
  88.000   1.351  40.023  41.582  54.710  51.167   9.682  18.172  16.405
  89.000   1.360  39.763  41.348  52.955  51.469   9.532  16.920  16.592
  90.000   1.368  39.503  41.108  50.111  51.733   9.377  15.117  16.754
  91.000   1.377  39.252  40.870  48.030  51.958   9.223  13.956  16.892
  92.000   1.385  39.002  40.629  47.294  52.157   9.065  13.566  17.016
  93.000   1.393  38.703  40.371  46.946  52.345   8.898  13.332  17.134
  94.000   1.400  38.403  40.114  45.966  52.518   8.734  12.624  17.240
  95.000   1.408  38.103  39.855  45.200  52.666   8.567  12.276  17.330
  96.000   1.415  37.882  39.596  44.804  52.790   8.401  11.925  17.407
  97.000   1.423  37.662  39.341  44.343  52.905   8.237  11.729  17.479
  98.000   1.430  37.442  39.092  43.897  53.021   8.078  11.395  17.553
  99.000   1.437  37.222  38.832  43.809  53.134   7.908  11.358  17.623
 100.000   1.443  37.002  38.533  43.416  53.239   7.713  11.150  17.689
 101.000   1.450  36.876  38.237  43.328  53.338   7.524  11.033  17.751
 102.000   1.457  36.751  37.952  43.167  53.436   7.347  10.964  17.813
 103.000   1.463  36.626  37.734  42.891  53.534   7.211  10.814  17.875
 104.000   1.470  36.501  37.513  42.780  53.630   7.067  10.696  17.935
 105.000   1.476  36.376  37.297  42.722  53.721   6.929  10.672  17.992
 106.000   1.482  36.251  37.076  42.512  53.810   6.789  10.572  18.047
 107.000   1.488  36.126  36.874  42.360  53.896   6.666  10.451  18.102
 108.000   1.494  36.001  36.748  42.253  53.982   6.591  10.357  18.155
 109.000   1.500  35.876  36.621  42.126  54.061   6.506  10.301  18.205
 110.000   1.506  35.751  36.500  41.926  54.135   6.428  10.189  18.251
 111.000   1.512  35.626  36.373  41.738  54.206   6.348  10.057  18.296
 112.000   1.518  35.501  36.246  41.597  54.279   6.267   9.941  18.342
 113.000   1.524  35.376  36.120  41.451  54.352   6.186   9.850  18.389
 114.000   1.529  35.251  35.995  41.203  54.427   6.105   9.709  18.436
 115.000   1.535  35.126  35.869  40.919  54.505   6.024   9.535  18.486
 116.000   1.540  35.001  35.744  40.679  54.584   5.944   9.370  18.535
 117.000   1.546  34.876  35.619  40.462  54.655   5.863   9.212  18.577
 118.000   1.551  34.751  35.493  40.247  54.682   5.782   9.073  18.586
 119.000   1.556  34.626  35.367  39.995  54.517   5.700   8.923  18.445
 120.000   1.561  34.501  35.242  39.711  53.766   5.619   8.756  17.888
 121.000   1.566  34.431  35.117  39.436  52.026   5.538   8.578  16.695
 122.000   1.571  34.361  34.992  39.182  49.584   5.456   8.404  15.139
 123.000   1.576  34.291  34.867  38.939  47.514   5.375   8.238  13.929
 124.000   1.581  34.221  34.743  38.708  46.622   5.294   8.084  13.475
 125.000   1.586  34.151  34.618  38.462  46.387   5.213   7.931  13.319
 126.000   1.591  34.081  34.494  38.169  45.754   5.132   7.751  12.861
 127.000   1.596  34.011  34.380  37.849  44.799   5.061   7.554  12.261
 128.000   1.601  33.941  34.310  37.559  44.220   5.019   7.370  11.959
 129.000   1.605  33.871  34.240  37.320  44.048   4.971   7.211  11.825
 130.000   1.610  33.801  34.173  37.127  43.439   4.927   7.078  11.432
 131.000   1.615  33.721  34.102  36.926  43.314   4.882   6.940  11.401
 132.000   1.619  33.641  34.032  36.715  43.000   4.836   6.811  11.154
 133.000   1.624  33.561  33.963  36.520  42.886   4.791   6.693  11.132
 134.000   1.628  33.481  33.894  36.352  42.625   4.745   6.601  10.924
 135.000   1.633  33.401  33.825  36.237  42.547   4.700   6.530  10.904
 136.000   1.637  33.321  33.755  36.107  42.252   4.655   6.443  10.708
 137.000   1.641  33.241  33.684  35.973  42.268   4.609   6.354  10.712
 138.000   1.645  33.161  33.604  35.861  42.010   4.556   6.274  10.573
 139.000   1.650  33.081  33.524  35.737  41.959   4.505   6.191  10.500
 140.000   1.654  33.001  33.444  35.626  41.796   4.453   6.115  10.436
 141.000   1.658  32.931  33.364  35.506  41.599   4.402   6.040  10.283
 142.000   1.662  32.861  33.285  35.381  41.521   4.350   5.963  10.232
 143.000   1.666  32.791  33.205  35.256  41.312   4.298   5.887  10.125
 144.000   1.670  32.721  33.125  35.123  41.134   4.247   5.807   9.976
 145.000   1.674  32.651  33.045  34.993  41.024   4.195   5.724   9.916
 146.000   1.678  32.581  32.965  34.863  40.745   4.144   5.640   9.754
 147.000   1.681  32.511  32.887  34.737  40.527   4.094   5.555   9.581
 148.000   1.685  32.441  32.816  34.616  40.326   4.049   5.472   9.461
 149.000   1.689  32.371  32.746  34.497  40.041   4.003   5.391   9.305
 150.000   1.693  32.301  32.676  34.377  39.803   3.959   5.311   9.121
 151.000   1.696  32.258  32.606  34.258  39.612   3.913   5.232   8.997
 152.000   1.700  32.216  32.535  34.140  39.328   3.868   5.157   8.840
 153.000   1.703  32.174  32.465  34.026  39.040   3.822   5.088   8.642
 154.000   1.707  32.132  32.395  33.930  38.828   3.777   5.035   8.490
 155.000   1.711  32.090  32.325  33.863  38.596   3.732   4.996   8.355
 156.000   1.714  32.048  32.255  33.792  38.298   3.686   4.950   8.179
 157.000   1.718  32.006  32.189  33.713  38.046   3.646   4.900   7.995
 158.000   1.721  31.964  32.146  33.646  37.831   3.620   4.856   7.847
 159.000   1.724  31.922  32.104  33.571  37.540   3.591   4.806   7.678
 160.000   1.728  31.880  32.063  33.505  37.207   3.565   4.759   7.470
 161.000   1.731  31.838  32.020  33.436  36.951   3.537   4.712   7.290
 162.000   1.735  31.796  31.977  33.372  36.768   3.509   4.666   7.170
 163.000   1.738  31.754  31.935  33.305  36.559   3.482   4.622   7.054
 164.000   1.741  31.712  31.894  33.232  36.322   3.455   4.574   6.906
 165.000   1.744  31.670  31.852  33.154  36.103   3.427   4.524   6.751
 166.000   1.748  31.628  31.810  33.073  35.949   3.400   4.475   6.646
 167.000   1.751  31.586  31.768  32.992  35.823   3.373   4.425   6.578
 168.000   1.754  31.544  31.726  32.910  35.685   3.345   4.374   6.508
 169.000   1.757  31.502  31.684  32.828  35.560   3.318   4.323   6.416
 170.000   1.760  31.460  31.642  32.744  35.433   3.290   4.270   6.320
 171.000   1.763  31.418  31.601  32.662  35.344   3.263   4.217   6.263
 172.000   1.767  31.376  31.559  32.581  35.215   3.236   4.164   6.191
 173.000   1.770  31.334  31.517  32.502  35.067   3.208   4.111   6.104
 174.000   1.773  31.292  31.475  32.428  34.938   3.181   4.062   6.013
 175.000   1.776  31.250  31.434  32.361  34.824   3.154   4.016   5.927
 176.000   1.779  31.208  31.392  32.295  34.724   3.127   3.971   5.862
 177.000   1.781  31.166  31.350  32.228  34.596   3.099   3.926   5.788
 178.000   1.784  31.124  31.309  32.161  34.461   3.072   3.882   5.711
 179.000   1.787  31.082  31.267  32.092  34.319   3.045   3.837   5.616
 180.000   1.790  31.040  31.225  32.025  34.205   3.018   3.794   5.531
 181.000   1.793  30.998  31.183  31.955  34.096   2.991   3.750   5.455
 182.000   1.796  30.956  31.141  31.886  33.984   2.964   3.707   5.386
 183.000   1.799  30.914  31.099  31.818  33.854   2.937   3.666   5.313
 184.000   1.801  30.872  31.057  31.760  33.713   2.909   3.632   5.226
 185.000   1.804  30.830  31.015  31.719  33.588   2.882   3.608   5.140
 186.000   1.807  30.788  30.973  31.678  33.483   2.855   3.581   5.065
 187.000   1.809  30.746  30.931  31.631  33.410   2.828   3.551   5.015
 188.000   1.812  30.704  30.889  31.590  33.357   2.801   3.524   4.987
 189.000   1.815  30.662  30.847  31.545  33.289   2.774   3.494   4.952
 190.000   1.817  30.620  30.805  31.505  33.198   2.746   3.467   4.897
 191.000   1.820  30.578  30.763  31.462  33.119   2.719   3.437   4.844
 192.000   1.822  30.536  30.720  31.422  33.059   2.692   3.410   4.795
 193.000   1.825  30.494  30.678  31.382  32.998   2.665   3.382   4.750
 194.000   1.827  30.452  30.636  31.342  32.942   2.637   3.354   4.715
 195.000   1.830  30.410  30.594  31.303  32.869   2.610   3.328   4.674
 196.000   1.832  30.368  30.552  31.262  32.790   2.583   3.302   4.629
 197.000   1.834  30.326  30.510  31.222  32.704   2.555   3.276   4.573
 198.000   1.837  30.284  30.468  31.181  32.620   2.528   3.250   4.514
 199.000   1.839  30.242  30.425  31.139  32.543   2.501   3.224   4.456
 200.000   1.841  30.200  30.383  31.096  32.478   2.473   3.198   4.410
 201.000   1.844  30.180  30.341  31.054  32.405   2.446   3.171   4.363
 202.000   1.846  30.160  30.299  31.010  32.325   2.418   3.145   4.317
 203.000   1.848  30.140  30.257  30.967  32.239   2.391   3.118   4.267
 204.000   1.851  30.120  30.215  30.923  32.152   2.363   3.090   4.213
 205.000   1.853  30.100  30.173  30.879  32.068   2.336   3.062   4.158
 206.000   1.855  30.080  30.131  30.836  31.990   2.309   3.034   4.102
 207.000   1.857  30.060  30.093  30.793  31.923   2.285   3.006   4.053
 208.000   1.859  30.040  30.072  30.751  31.863   2.273   2.978   4.012
 209.000   1.862  30.020  30.052  30.709  31.802   2.259   2.949   3.974
 210.000   1.864  30.000  30.033  30.668  31.730   2.247   2.921   3.933
 211.000   1.866  29.980  30.013  30.627  31.652   2.234   2.893   3.888
 212.000   1.868  29.960  29.993  30.586  31.575   2.220   2.866   3.839
 213.000   1.870  29.940  29.973  30.545  31.503   2.207   2.838   3.790
 214.000   1.872  29.920  29.954  30.505  31.434   2.194   2.811   3.742
 215.000   1.874  29.900  29.934  30.465  31.371   2.182   2.785   3.696
 216.000   1.876  29.880  29.914  30.424  31.313   2.169   2.758   3.657
 217.000   1.879  29.860  29.894  30.383  31.262   2.156   2.732   3.626
 218.000   1.881  29.840  29.874  30.342  31.222   2.143   2.705   3.604
 219.000   1.883  29.820  29.854  30.300  31.184   2.130   2.679   3.583
 220.000   1.885  29.800  29.834  30.258  31.135   2.117   2.653   3.554
 221.000   1.887  29.780  29.814  30.215  31.084   2.104   2.626   3.523
 222.000   1.889  29.760  29.794  30.172  31.042   2.091   2.599   3.493
 223.000   1.891  29.740  29.774  30.129  31.000   2.078   2.572   3.461
 224.000   1.893  29.720  29.754  30.086  30.965   2.065   2.545   3.435
 225.000   1.895  29.700  29.734  30.043  30.929   2.053   2.517   3.409
 226.000   1.897  29.680  29.714  30.000  30.890   2.040   2.490   3.385
 227.000   1.899  29.660  29.694  29.957  30.850   2.027   2.462   3.362
 228.000   1.901  29.640  29.674  29.915  30.805   2.014   2.433   3.337
 229.000   1.902  29.620  29.654  29.873  30.759   2.001   2.405   3.310
 230.000   1.904  29.600  29.634  29.832  30.711   1.988   2.376   3.281
 231.000   1.906  29.580  29.614  29.791  30.666   1.975   2.348   3.250
 232.000   1.908  29.560  29.593  29.750  30.625   1.962   2.320   3.220
 233.000   1.910  29.540  29.573  29.711  30.585   1.949   2.295   3.191
 234.000   1.912  29.520  29.553  29.680  30.548   1.936   2.275   3.164
 235.000   1.914  29.500  29.533  29.662  30.510   1.923   2.264   3.138
 236.000   1.916  29.480  29.513  29.647  30.472   1.910   2.252   3.114
 237.000   1.917  29.460  29.493  29.625  30.431   1.897   2.238   3.090
 238.000   1.919  29.440  29.473  29.608  30.387   1.884   2.227   3.065
 239.000   1.921  29.420  29.453  29.587  30.341   1.871   2.214   3.038
 240.000   1.923  29.400  29.433  29.569  30.295   1.858   2.202   3.009
 241.000   1.924  29.380  29.413  29.548  30.249   1.845   2.189   2.979
 242.000   1.926  29.360  29.393  29.529  30.207   1.832   2.178   2.949
 243.000   1.928  29.340  29.373  29.508  30.167   1.819   2.165   2.920
 244.000   1.930  29.320  29.353  29.487  30.128   1.806   2.152   2.892
 245.000   1.931  29.300  29.333  29.467  30.090   1.793   2.140   2.866
 246.000   1.933  29.280  29.313  29.445  30.052   1.780   2.127   2.841
 247.000   1.935  29.260  29.293  29.424  30.012   1.767   2.114   2.816
 248.000   1.936  29.240  29.273  29.403  29.970   1.754   2.101   2.791
 249.000   1.938  29.220  29.253  29.382  29.926   1.741   2.087   2.766
 250.000   1.940  29.200  29.234  29.361  29.881   1.728   2.073   2.739
 251.000   1.941  29.188  29.214  29.341  29.835   1.715   2.060   2.710
 252.000   1.943  29.176  29.194  29.321  29.790   1.701   2.046   2.680
 253.000   1.945  29.164  29.174  29.301  29.748   1.688   2.033   2.651
 254.000   1.946  29.152  29.155  29.281  29.707   1.675   2.019   2.622
 255.000   1.948  29.140  29.135  29.262  29.668   1.662   2.006   2.594
 256.000   1.950  29.128  29.116  29.243  29.630   1.649   1.993   2.567
 257.000   1.951  29.116  29.098  29.224  29.591   1.637   1.979   2.541
 258.000   1.953  29.104  29.086  29.204  29.552   1.629   1.966   2.516
 259.000   1.954  29.092  29.074  29.186  29.510   1.621   1.953   2.491
 260.000   1.956  29.080  29.062  29.167  29.467   1.614   1.941   2.465
 261.000   1.957  29.068  29.050  29.147  29.423   1.606   1.928   2.439
 262.000   1.959  29.056  29.038  29.128  29.378   1.598   1.916   2.412
 263.000   1.960  29.044  29.026  29.108  29.333   1.591   1.904   2.383
 264.000   1.962  29.032  29.014  29.088  29.289   1.583   1.891   2.354
 265.000   1.964  29.020  29.001  29.068  29.247   1.575   1.879   2.325
 266.000   1.965  29.008  28.989  29.048  29.209   1.567   1.866   2.299
 267.000   1.967  28.996  28.977  29.028  29.179   1.559   1.854   2.278
 268.000   1.968  28.984  28.964  29.007  29.160   1.551   1.841   2.265
 269.000   1.970  28.972  28.952  28.986  29.148   1.543   1.828   2.256
 270.000   1.971  28.960  28.939  28.965  29.131   1.535   1.815   2.244
 271.000   1.973  28.948  28.926  28.945  29.109   1.527   1.802   2.232
 272.000   1.974  28.936  28.914  28.924  29.090   1.519   1.789   2.222
 273.000   1.975  28.924  28.902  28.903  29.068   1.511   1.776   2.209
 274.000   1.977  28.912  28.890  28.883  29.045   1.504   1.762   2.196
 275.000   1.978  28.900  28.878  28.862  29.024   1.496   1.749   2.183
 276.000   1.980  28.888  28.866  28.842  29.001   1.488   1.735   2.169
 277.000   1.981  28.876  28.854  28.822  28.980   1.480   1.722   2.155
 278.000   1.983  28.864  28.842  28.802  28.959   1.472   1.708   2.140
 279.000   1.984  28.852  28.830  28.783  28.940   1.464   1.695   2.126
 280.000   1.985  28.840  28.818  28.763  28.921   1.457   1.682   2.112
 281.000   1.987  28.828  28.806  28.744  28.904   1.449   1.669   2.099
 282.000   1.988  28.816  28.794  28.725  28.886   1.441   1.656   2.087
 283.000   1.990  28.804  28.782  28.706  28.868   1.433   1.643   2.075
 284.000   1.991  28.792  28.770  28.690  28.850   1.425   1.633   2.064
 285.000   1.992  28.780  28.759  28.679  28.830   1.418   1.626   2.052
 286.000   1.994  28.768  28.747  28.669  28.809   1.410   1.619   2.040
 287.000   1.995  28.756  28.735  28.656  28.788   1.402   1.611   2.028
 288.000   1.996  28.744  28.723  28.645  28.766   1.394   1.605   2.015
 289.000   1.998  28.732  28.711  28.633  28.744   1.387   1.597   2.002
 290.000   1.999  28.720  28.699  28.621  28.722   1.379   1.590   1.988
 291.000   2.000  28.708  28.687  28.609  28.700   1.371   1.582   1.973
 292.000   2.002  28.696  28.675  28.597  28.680   1.364   1.575   1.959
 293.000   2.003  28.684  28.663  28.584  28.661   1.356   1.567   1.945
 294.000   2.004  28.672  28.651  28.571  28.642   1.348   1.559   1.931
 295.000   2.006  28.660  28.639  28.558  28.624   1.340   1.551   1.918
 296.000   2.007  28.648  28.627  28.544  28.606   1.333   1.543   1.906
 297.000   2.008  28.636  28.615  28.531  28.588   1.325   1.535   1.893
 298.000   2.010  28.624  28.603  28.518  28.570   1.317   1.527   1.882
 299.000   2.011  28.612  28.591  28.506  28.550   1.310   1.519   1.870
 300.000   2.012  28.600  28.579  28.494  28.530   1.302   1.511   1.858
