  kg = 1
  dt = 0.01
  dr = 0.5
  b0 = 40
hend = 2700
rend = 400
  r1 = 10
  r2 = 50
  r3 = 100
  r4 = 200
n = 800		n1 = 801
ii = 86
	t(i)		px(i)
     0.0        26.8
    0.03        26.8
    0.04        26.8
    0.10        27.2
    0.20        28.0
    0.50        31.2
    1.00        38.9
    1.50        46.7
    1.75        50.1
    1.94        48.6
    2.04        49.5
    2.10        50.0
    2.20        50.7
    2.30        52.4
    2.50        56.7
    2.70        59.5
    3.00        63.8
    3.20        66.3
    3.40        68.4
    3.60        70.2
    3.80        71.8
    4.00        73.1
    4.22        73.6
    4.30        73.4
    4.40        73.1
    4.50        72.6
    4.70        71.3
    5.00        69.1
    5.20        67.6
    5.50        65.5
    6.00        62.3
    6.50        59.6
    7.00        57.3
    8.00        54.7
    8.50        54.0
    9.00        53.8
    9.22        53.6
    9.50        53.9
    10.0        54.3
    10.5        54.8
    11.0        55.4
    12.0        56.8
    12.5        57.0
    13.0        56.8
    14.0        55.9
    16.0        53.2
    18.0        51.6
    20.1        50.9
    21.0        51.1
    25.0        52.5
    30.0        53.5
    35.0        54.1
    40.0        54.6
    44.5        55.0
    50.0        55.4
    55.0        55.8
    55.9        55.8
    56.0        55.7
    57.0        52.8
    57.8        50.9
    58.0        49.1
    60.0        47.9
    61.0        46.9
    62.0        46.1
    64.0        45.0
    66.0        44.3
    68.0        43.9
    70.0        43.5
    71.5        43.3
    72.0        43.2
    73.0        43.1
    75.0        42.8
    77.0        42.5
    80.0        42.0
    85.0        40.8
    90.0        39.5
    92.0        39.0
    95.0        38.1
   100.0        37.0
   120.0        34.5
   130.0        33.8
   140.0        33.0
   150.0        32.3
   200.0        30.2
   250.0        29.2
   300.0        28.6
zzzz  t = 0
		*zu**			*zr(t)**		***zv**				***zp**			***ze***

      0.00000000      0.00000000       1012.28940366     26.77896310      0.00015485
      0.00000000      0.49392990       1012.28721041     26.77400707      0.00015479
      0.00000000      0.98786086       1012.28501713     26.76905105      0.00015473
      0.00000000      1.48179290       1012.28282382     26.76409504      0.00015468
      0.00000000      1.97572601       1012.28063049     26.75913904      0.00015462
      0.00000000      2.46966018       1012.27843714     26.75418305      0.00015456
      0.00000000      2.96359543       1012.27624376     26.74922707      0.00015451
      0.00000000      3.45753175       1012.27405036     26.74427109      0.00015445
      0.00000000      3.95146913       1012.27185693     26.73931513      0.00015439
      0.00000000      4.44540759       1012.26966348     26.73435917      0.00015434
      0.00000000      4.93934712       1012.26747001     26.72940323      0.00015428
      0.00000000      5.43328772       1012.26527651     26.72444729      0.00015423
      0.00000000      5.92722939       1012.26308298     26.71949136      0.00015417
      0.00000000      6.42117213       1012.26088943     26.71453544      0.00015411
      0.00000000      6.91511594       1012.25869586     26.70957953      0.00015406
      0.00000000      7.40906082       1012.25650226     26.70462363      0.00015400
      0.00000000      7.90300677       1012.25430864     26.69966774      0.00015394
      0.00000000      8.39695379       1012.25211500     26.69471186      0.00015389
      0.00000000      8.89090188       1012.24992132     26.68975599      0.00015383
      0.00000000      9.38485104       1012.24772763     26.68480013      0.00015378
      0.00000000      9.87880127       1012.24553391     26.67984428      0.00015372
      0.00000000     10.37275258       1012.24334017     26.67488843      0.00015366
      0.00000000     10.86670495       1012.24114640     26.66993260      0.00015361
      0.00000000     11.36065839       1012.23895261     26.66497677      0.00015355
      0.00000000     11.85461291       1012.23675879     26.66002096      0.00015349
      0.00000000     12.34856849       1012.23456495     26.65506515      0.00015344
      0.00000000     12.84252515       1012.23237108     26.65010935      0.00015338
      0.00000000     13.33648287       1012.23017719     26.64515357      0.00015333
      0.00000000     13.83044167       1012.22798328     26.64019779      0.00015327
      0.00000000     14.32440154       1012.22578934     26.63524202      0.00015321
      0.00000000     14.81836247       1012.22359537     26.63028626      0.00015316
      0.00000000     15.31232448       1012.22140139     26.62533051      0.00015310
      0.00000000     15.80628756       1012.21920737     26.62037476      0.00015305
      0.00000000     16.30025171       1012.21701334     26.61541903      0.00015299
      0.00000000     16.79421693       1012.21481927     26.61046331      0.00015293
      0.00000000     17.28818322       1012.21262519     26.60550760      0.00015288
      0.00000000     17.78215058       1012.21043108     26.60055189      0.00015282
      0.00000000     18.27611902       1012.20823694     26.59559620      0.00015276
      0.00000000     18.77008852       1012.20604279     26.59064051      0.00015271
      0.00000000     19.26405909       1012.20384860     26.58568484      0.00015265
      0.00000000     19.75803074       1012.20165439     26.58072917      0.00015260
      0.00000000     20.25200345       1012.19946016     26.57577351      0.00015254
      0.00000000     20.74597724       1012.19726591     26.57081786      0.00015248
      0.00000000     21.23995210       1012.19507163     26.56586222      0.00015243
      0.00000000     21.73392803       1012.19287732     26.56090659      0.00015237
      0.00000000     22.22790502       1012.19068299     26.55595097      0.00015232
      0.00000000     22.72188309       1012.18848864     26.55099536      0.00015226
      0.00000000     23.21586223       1012.18629426     26.54603976      0.00015220
      0.00000000     23.70984245       1012.18409985     26.54108417      0.00015215
      0.00000000     24.20382373       1012.18190543     26.53612859      0.00015209
      0.00000000     24.69780608       1012.17971097     26.53117301      0.00015204
      0.00000000     25.19178951       1012.17751650     26.52621745      0.00015198
      0.00000000     25.68577400       1012.17532200     26.52126189      0.00015192
      0.00000000     26.17975957       1012.17312747     26.51630635      0.00015187
      0.00000000     26.67374621       1012.17093292     26.51135081      0.00015181
      0.00000000     27.16773392       1012.16873835     26.50639528      0.00015176
      0.00000000     27.66172270       1012.16654375     26.50143976      0.00015170
      0.00000000     28.15571255       1012.16434913     26.49648426      0.00015165
      0.00000000     28.64970347       1012.16215448     26.49152876      0.00015159
      0.00000000     29.14369546       1012.15995981     26.48657327      0.00015153
      0.00000000     29.63768853       1012.15776511     26.48161779      0.00015148
      0.00000000     30.13168266       1012.15557039     26.47666231      0.00015142
      0.00000000     30.62567787       1012.15337565     26.47170685      0.00015137
      0.00000000     31.11967415       1012.15118088     26.46675140      0.00015131
      0.00000000     31.61367149       1012.14898608     26.46179596      0.00015125
      0.00000000     32.10766991       1012.14679127     26.45684052      0.00015120
      0.00000000     32.60166941       1012.14459642     26.45188510      0.00015114
      0.00000000     33.09566997       1012.14240156     26.44692968      0.00015109
      0.00000000     33.58967160       1012.14020666     26.44197428      0.00015103
      0.00000000     34.08367431       1012.13801175     26.43701888      0.00015098
      0.00000000     34.57767808       1012.13581681     26.43206349      0.00015092
      0.00000000     35.07168293       1012.13362184     26.42710811      0.00015086
      0.00000000     35.56568885       1012.13142685     26.42215274      0.00015081
      0.00000000     36.05969584       1012.12923184     26.41719739      0.00015075
      0.00000000     36.55370390       1012.12703680     26.41224203      0.00015070
      0.00000000     37.04771304       1012.12484174     26.40728669      0.00015064
      0.00000000     37.54172324       1012.12264665     26.40233136      0.00015059
      0.00000000     38.03573452       1012.12045154     26.39737604      0.00015053
      0.00000000     38.52974686       1012.11825640     26.39242073      0.00015047
      0.00000000     39.02376028       1012.11606124     26.38746542      0.00015042
      0.00000000     39.51777477       1012.11386606     26.38251013      0.00015036
      0.00000000     40.01179033       1012.11167085     26.37755484      0.00015031
      0.00000000     40.50580697       1012.10947562     26.37259957      0.00015025
      0.00000000     40.99982467       1012.10728036     26.36764430      0.00015020
      0.00000000     41.49384345       1012.10508508     26.36268905      0.00015014
      0.00000000     41.98786330       1012.10288977     26.35773380      0.00015008
      0.00000000     42.48188421       1012.10069444     26.35277856      0.00015003
      0.00000000     42.97590621       1012.09849908     26.34782333      0.00014997
      0.00000000     43.46992927       1012.09630370     26.34286811      0.00014992
      0.00000000     43.96395340       1012.09410830     26.33791290      0.00014986
      0.00000000     44.45797861       1012.09191287     26.33295770      0.00014981
      0.00000000     44.95200488       1012.08971741     26.32800251      0.00014975
      0.00000000     45.44603223       1012.08752194     26.32304733      0.00014970
      0.00000000     45.94006065       1012.08532643     26.31809215      0.00014964
      0.00000000     46.43409015       1012.08313091     26.31313699      0.00014958
      0.00000000     46.92812071       1012.08093536     26.30818183      0.00014953
      0.00000000     47.42215235       1012.07873978     26.30322669      0.00014947
      0.00000000     47.91618505       1012.07654418     26.29827155      0.00014942
      0.00000000     48.41021883       1012.07434855     26.29331643      0.00014936
      0.00000000     48.90425368       1012.07215291     26.28836131      0.00014931
      0.00000000     49.39828961       1012.06995723     26.28340620      0.00014925
      0.00000000     49.89232660       1012.06776153     26.27845110      0.00014920
      0.00000000     50.38636467       1012.06556581     26.27349602      0.00014914
      0.00000000     50.88040381       1012.06337006     26.26854094      0.00014909
      0.00000000     51.37444402       1012.06117429     26.26358587      0.00014903
      0.00000000     51.86848530       1012.05897850     26.25863080      0.00014897
      0.00000000     52.36252765       1012.05678268     26.25367575      0.00014892
      0.00000000     52.85657108       1012.05458683     26.24872071      0.00014886
      0.00000000     53.35061558       1012.05239096     26.24376568      0.00014881
      0.00000000     53.84466115       1012.05019507     26.23881065      0.00014875
      0.00000000     54.33870779       1012.04799915     26.23385564      0.00014870
      0.00000000     54.83275550       1012.04580321     26.22890063      0.00014864
      0.00000000     55.32680429       1012.04360724     26.22394564      0.00014859
      0.00000000     55.82085414       1012.04141125     26.21899065      0.00014853
      0.00000000     56.31490507       1012.03921523     26.21403567      0.00014848
      0.00000000     56.80895708       1012.03701919     26.20908071      0.00014842
      0.00000000     57.30301015       1012.03482313     26.20412575      0.00014837
      0.00000000     57.79706429       1012.03262704     26.19917080      0.00014831
      0.00000000     58.29111951       1012.03043093     26.19421586      0.00014826
      0.00000000     58.78517580       1012.02823479     26.18926093      0.00014820
      0.00000000     59.27923316       1012.02603863     26.18430601      0.00014815
      0.00000000     59.77329160       1012.02384244     26.17935110      0.00014809
      0.00000000     60.26735110       1012.02164623     26.17439619      0.00014803
      0.00000000     60.76141168       1012.01944999     26.16944130      0.00014798
      0.00000000     61.25547333       1012.01725373     26.16448642      0.00014792
      0.00000000     61.74953606       1012.01505745     26.15953154      0.00014787
      0.00000000     62.24359985       1012.01286114     26.15457668      0.00014781
      0.00000000     62.73766472       1012.01066480     26.14962182      0.00014776
      0.00000000     63.23173066       1012.00846844     26.14466698      0.00014770
      0.00000000     63.72579767       1012.00627206     26.13971214      0.00014765
      0.00000000     64.21986575       1012.00407565     26.13475731      0.00014759
      0.00000000     64.71393491       1012.00187922     26.12980249      0.00014754
      0.00000000     65.20800514       1011.99968277     26.12484768      0.00014748
      0.00000000     65.70207644       1011.99748629     26.11989288      0.00014743
      0.00000000     66.19614881       1011.99528978     26.11493809      0.00014737
      0.00000000     66.69022226       1011.99309325     26.10998331      0.00014732
      0.00000000     67.18429678       1011.99089670     26.10502854      0.00014726
      0.00000000     67.67837237       1011.98870012     26.10007378      0.00014721
      0.00000000     68.17244903       1011.98650352     26.09511903      0.00014715
      0.00000000     68.66652677       1011.98430689     26.09016428      0.00014710
      0.00000000     69.16060558       1011.98211024     26.08520955      0.00014704
      0.00000000     69.65468546       1011.97991356     26.08025482      0.00014699
      0.00000000     70.14876641       1011.97771686     26.07530011      0.00014693
      0.00000000     70.64284843       1011.97552013     26.07034540      0.00014688
      0.00000000     71.13693153       1011.97332338     26.06539071      0.00014682
      0.00000000     71.63101570       1011.97112661     26.06043602      0.00014677
      0.00000000     72.12510095       1011.96892981     26.05548134      0.00014671
      0.00000000     72.61918726       1011.96673299     26.05052667      0.00014666
      0.00000000     73.11327465       1011.96453614     26.04557201      0.00014660
      0.00000000     73.60736311       1011.96233927     26.04061736      0.00014655
      0.00000000     74.10145264       1011.96014237     26.03566272      0.00014649
      0.00000000     74.59554325       1011.95794545     26.03070809      0.00014644
      0.00000000     75.08963493       1011.95574851     26.02575347      0.00014638
      0.00000000     75.58372768       1011.95355154     26.02079885      0.00014633
      0.00000000     76.07782150       1011.95135454     26.01584425      0.00014627
      0.00000000     76.57191640       1011.94915752     26.01088966      0.00014622
      0.00000000     77.06601237       1011.94696048     26.00593507      0.00014616
      0.00000000     77.56010941       1011.94476341     26.00098050      0.00014611
      0.00000000     78.05420753       1011.94256632     25.99602593      0.00014605
      0.00000000     78.54830671       1011.94036920     25.99107138      0.00014600
      0.00000000     79.04240698       1011.93817206     25.98611683      0.00014594
      0.00000000     79.53650831       1011.93597490     25.98116229      0.00014589
      0.00000000     80.03061071       1011.93377771     25.97620776      0.00014583
      0.00000000     80.52471419       1011.93158049     25.97125324      0.00014578
      0.00000000     81.01881875       1011.92938325     25.96629873      0.00014572
      0.00000000     81.51292437       1011.92718599     25.96134423      0.00014567
      0.00000000     82.00703107       1011.92498870     25.95638974      0.00014561
      0.00000000     82.50113884       1011.92279139     25.95143526      0.00014556
      0.00000000     82.99524768       1011.92059405     25.94648079      0.00014550
      0.00000000     83.48935760       1011.91839669     25.94152632      0.00014545
      0.00000000     83.98346859       1011.91619930     25.93657187      0.00014539
      0.00000000     84.47758065       1011.91400189     25.93161743      0.00014534
      0.00000000     84.97169378       1011.91180446     25.92666299      0.00014529
      0.00000000     85.46580799       1011.90960700     25.92170856      0.00014523
      0.00000000     85.95992327       1011.90740951     25.91675415      0.00014518
      0.00000000     86.45403963       1011.90521201     25.91179974      0.00014512
      0.00000000     86.94815705       1011.90301447     25.90684534      0.00014507
      0.00000000     87.44227556       1011.90081691     25.90189096      0.00014501
      0.00000000     87.93639513       1011.89861933     25.89693658      0.00014496
      0.00000000     88.43051578       1011.89642173     25.89198221      0.00014490
      0.00000000     88.92463749       1011.89422410     25.88702785      0.00014485
      0.00000000     89.41876029       1011.89202644     25.88207350      0.00014479
      0.00000000     89.91288415       1011.88982876     25.87711915      0.00014474
      0.00000000     90.40700909       1011.88763106     25.87216482      0.00014468
      0.00000000     90.90113510       1011.88543333     25.86721050      0.00014463
      0.00000000     91.39526219       1011.88323557     25.86225619      0.00014457
      0.00000000     91.88939035       1011.88103780     25.85730188      0.00014452
      0.00000000     92.38351958       1011.87883999     25.85234759      0.00014447
      0.00000000     92.87764989       1011.87664217     25.84739330      0.00014441
      0.00000000     93.37178126       1011.87444432     25.84243903      0.00014436
      0.00000000     93.86591372       1011.87224644     25.83748476      0.00014430
      0.00000000     94.36004724       1011.87004854     25.83253050      0.00014425
      0.00000000     94.85418184       1011.86785061     25.82757625      0.00014419
      0.00000000     95.34831751       1011.86565267     25.82262202      0.00014414
      0.00000000     95.84245426       1011.86345469     25.81766779      0.00014408
      0.00000000     96.33659207       1011.86125669     25.81271357      0.00014403
      0.00000000     96.83073097       1011.85905867     25.80775936      0.00014397
      0.00000000     97.32487093       1011.85686062     25.80280516      0.00014392
      0.00000000     97.81901197       1011.85466255     25.79785096      0.00014387
      0.00000000     98.31315408       1011.85246446     25.79289678      0.00014381
      0.00000000     98.80729727       1011.85026634     25.78794261      0.00014376
      0.00000000     99.30144153       1011.84806819     25.78298845      0.00014370
      0.00000000     99.79558686       1011.84587002     25.77803429      0.00014365
      0.00000000    100.28973326       1011.84367183     25.77308015      0.00014359
      0.00000000    100.78388074       1011.84147361     25.76812601      0.00014354
      0.00000000    101.27802930       1011.83927536     25.76317188      0.00014348
      0.00000000    101.77217892       1011.83707710     25.75821777      0.00014343
      0.00000000    102.26632962       1011.83487880     25.75326366      0.00014338
      0.00000000    102.76048140       1011.83268049     25.74830956      0.00014332
      0.00000000    103.25463424       1011.83048215     25.74335547      0.00014327
      0.00000000    103.74878817       1011.82828378     25.73840139      0.00014321
      0.00000000    104.24294316       1011.82608539     25.73344733      0.00014316
      0.00000000    104.73709923       1011.82388698     25.72849326      0.00014310
      0.00000000    105.23125637       1011.82168854     25.72353921      0.00014305
      0.00000000    105.72541459       1011.81949007     25.71858517      0.00014299
      0.00000000    106.21957387       1011.81729158     25.71363114      0.00014294
      0.00000000    106.71373424       1011.81509307     25.70867712      0.00014289
      0.00000000    107.20789567       1011.81289454     25.70372310      0.00014283
      0.00000000    107.70205818       1011.81069597     25.69876910      0.00014278
      0.00000000    108.19622177       1011.80849739     25.69381510      0.00014272
      0.00000000    108.69038643       1011.80629878     25.68886112      0.00014267
      0.00000000    109.18455216       1011.80410014     25.68390714      0.00014261
      0.00000000    109.67871896       1011.80190148     25.67895317      0.00014256
      0.00000000    110.17288684       1011.79970280     25.67399922      0.00014251
      0.00000000    110.66705580       1011.79750409     25.66904527      0.00014245
      0.00000000    111.16122582       1011.79530536     25.66409133      0.00014240
      0.00000000    111.65539692       1011.79310660     25.65913740      0.00014234
      0.00000000    112.14956910       1011.79090782     25.65418348      0.00014229
      0.00000000    112.64374235       1011.78870901     25.64922957      0.00014223
      0.00000000    113.13791667       1011.78651018     25.64427567      0.00014218
      0.00000000    113.63209207       1011.78431132     25.63932178      0.00014213
      0.00000000    114.12626854       1011.78211244     25.63436789      0.00014207
      0.00000000    114.62044608       1011.77991354     25.62941402      0.00014202
      0.00000000    115.11462470       1011.77771461     25.62446016      0.00014196
      0.00000000    115.60880439       1011.77551565     25.61950630      0.00014191
      0.00000000    116.10298516       1011.77331667     25.61455246      0.00014186
      0.00000000    116.59716700       1011.77111767     25.60959862      0.00014180
      0.00000000    117.09134992       1011.76891864     25.60464480      0.00014175
      0.00000000    117.58553391       1011.76671959     25.59969098      0.00014169
      0.00000000    118.07971897       1011.76452052     25.59473717      0.00014164
      0.00000000    118.57390511       1011.76232142     25.58978337      0.00014159
      0.00000000    119.06809232       1011.76012229     25.58482959      0.00014153
      0.00000000    119.56228060       1011.75792314     25.57987581      0.00014148
      0.00000000    120.05646996       1011.75572397     25.57492204      0.00014142
      0.00000000    120.55066039       1011.75352477     25.56996828      0.00014137
      0.00000000    121.04485190       1011.75132554     25.56501452      0.00014131
      0.00000000    121.53904448       1011.74912629     25.56006078      0.00014126
      0.00000000    122.03323814       1011.74692702     25.55510705      0.00014121
      0.00000000    122.52743287       1011.74472773     25.55015333      0.00014115
      0.00000000    123.02162868       1011.74252840     25.54519961      0.00014110
      0.00000000    123.51582556       1011.74032906     25.54024591      0.00014104
      0.00000000    124.01002351       1011.73812969     25.53529221      0.00014099
      0.00000000    124.50422254       1011.73593029     25.53033853      0.00014094
      0.00000000    124.99842264       1011.73373087     25.52538485      0.00014088
      0.00000000    125.49262382       1011.73153143     25.52043119      0.00014083
      0.00000000    125.98682607       1011.72933196     25.51547753      0.00014077
      0.00000000    126.48102939       1011.72713247     25.51052388      0.00014072
      0.00000000    126.97523379       1011.72493295     25.50557024      0.00014067
      0.00000000    127.46943926       1011.72273341     25.50061661      0.00014061
      0.00000000    127.96364581       1011.72053384     25.49566299      0.00014056
      0.00000000    128.45785344       1011.71833425     25.49070938      0.00014051
      0.00000000    128.95206213       1011.71613463     25.48575578      0.00014045
      0.00000000    129.44627190       1011.71393499     25.48080219      0.00014040
      0.00000000    129.94048275       1011.71173533     25.47584861      0.00014034
      0.00000000    130.43469467       1011.70953564     25.47089504      0.00014029
      0.00000000    130.92890767       1011.70733592     25.46594147      0.00014024
      0.00000000    131.42312174       1011.70513618     25.46098792      0.00014018
      0.00000000    131.91733688       1011.70293642     25.45603437      0.00014013
      0.00000000    132.41155310       1011.70073663     25.45108084      0.00014007
      0.00000000    132.90577039       1011.69853682     25.44612731      0.00014002
      0.00000000    133.39998876       1011.69633699     25.44117380      0.00013997
      0.00000000    133.89420821       1011.69413712     25.43622029      0.00013991
      0.00000000    134.38842872       1011.69193724     25.43126679      0.00013986
      0.00000000    134.88265031       1011.68973733     25.42631330      0.00013981
      0.00000000    135.37687298       1011.68753739     25.42135982      0.00013975
      0.00000000    135.87109672       1011.68533743     25.41640635      0.00013970
      0.00000000    136.36532154       1011.68313745     25.41145289      0.00013964
      0.00000000    136.85954743       1011.68093744     25.40649944      0.00013959
      0.00000000    137.35377440       1011.67873741     25.40154600      0.00013954
      0.00000000    137.84800244       1011.67653735     25.39659257      0.00013948
      0.00000000    138.34223155       1011.67433727     25.39163915      0.00013943
      0.00000000    138.83646174       1011.67213716     25.38668573      0.00013938
      0.00000000    139.33069301       1011.66993703     25.38173233      0.00013932
      0.00000000    139.82492535       1011.66773688     25.37677893      0.00013927
      0.00000000    140.31915876       1011.66553670     25.37182555      0.00013922
      0.00000000    140.81339325       1011.66333649     25.36687217      0.00013916
      0.00000000    141.30762881       1011.66113626     25.36191881      0.00013911
      0.00000000    141.80186545       1011.65893601     25.35696545      0.00013905
      0.00000000    142.29610317       1011.65673573     25.35201210      0.00013900
      0.00000000    142.79034196       1011.65453543     25.34705877      0.00013895
      0.00000000    143.28458182       1011.65233510     25.34210544      0.00013889
      0.00000000    143.77882276       1011.65013475     25.33715212      0.00013884
      0.00000000    144.27306477       1011.64793437     25.33219881      0.00013879
      0.00000000    144.76730786       1011.64573397     25.32724551      0.00013873
      0.00000000    145.26155203       1011.64353355     25.32229222      0.00013868
      0.00000000    145.75579727       1011.64133310     25.31733893      0.00013863
      0.00000000    146.25004358       1011.63913262     25.31238566      0.00013857
      0.00000000    146.74429097       1011.63693212     25.30743240      0.00013852
      0.00000000    147.23853943       1011.63473160     25.30247914      0.00013846
      0.00000000    147.73278897       1011.63253105     25.29752590      0.00013841
      0.00000000    148.22703959       1011.63033048     25.29257267      0.00013836
      0.00000000    148.72129128       1011.62812988     25.28761944      0.00013830
      0.00000000    149.21554404       1011.62592926     25.28266622      0.00013825
      0.00000000    149.70979788       1011.62372861     25.27771302      0.00013820
      0.00000000    150.20405280       1011.62152794     25.27275982      0.00013814
      0.00000000    150.69830879       1011.61932725     25.26780663      0.00013809
      0.00000000    151.19256585       1011.61712653     25.26285346      0.00013804
      0.00000000    151.68682399       1011.61492578     25.25790029      0.00013798
      0.00000000    152.18108321       1011.61272501     25.25294713      0.00013793
      0.00000000    152.67534350       1011.61052422     25.24799398      0.00013788
      0.00000000    153.16960487       1011.60832340     25.24304084      0.00013782
      0.00000000    153.66386731       1011.60612256     25.23808770      0.00013777
      0.00000000    154.15813082       1011.60392169     25.23313458      0.00013772
      0.00000000    154.65239542       1011.60172080     25.22818147      0.00013766
      0.00000000    155.14666108       1011.59951988     25.22322837      0.00013761
      0.00000000    155.64092783       1011.59731894     25.21827527      0.00013756
      0.00000000    156.13519565       1011.59511798     25.21332219      0.00013750
      0.00000000    156.62946454       1011.59291699     25.20836911      0.00013745
      0.00000000    157.12373451       1011.59071597     25.20341605      0.00013740
      0.00000000    157.61800555       1011.58851493     25.19846299      0.00013734
      0.00000000    158.11227767       1011.58631387     25.19350995      0.00013729
      0.00000000    158.60655087       1011.58411278     25.18855691      0.00013724
      0.00000000    159.10082514       1011.58191167     25.18360388      0.00013718
      0.00000000    159.59510049       1011.57971053     25.17865086      0.00013713
      0.00000000    160.08937691       1011.57750937     25.17369785      0.00013708
      0.00000000    160.58365441       1011.57530818     25.16874485      0.00013702
      0.00000000    161.07793298       1011.57310697     25.16379186      0.00013697
      0.00000000    161.57221263       1011.57090573     25.15883888      0.00013692
      0.00000000    162.06649335       1011.56870447     25.15388591      0.00013686
      0.00000000    162.56077515       1011.56650319     25.14893295      0.00013681
      0.00000000    163.05505803       1011.56430188     25.14398000      0.00013676
      0.00000000    163.54934198       1011.56210055     25.13902705      0.00013670
      0.00000000    164.04362701       1011.55989919     25.13407412      0.00013665
      0.00000000    164.53791311       1011.55769780     25.12912120      0.00013660
      0.00000000    165.03220029       1011.55549640     25.12416828      0.00013655
      0.00000000    165.52648854       1011.55329496     25.11921537      0.00013649
      0.00000000    166.02077787       1011.55109351     25.11426248      0.00013644
      0.00000000    166.51506828       1011.54889203     25.10930959      0.00013639
      0.00000000    167.00935976       1011.54669052     25.10435671      0.00013633
      0.00000000    167.50365231       1011.54448899     25.09940385      0.00013628
      0.00000000    167.99794595       1011.54228744     25.09445099      0.00013623
      0.00000000    168.49224066       1011.54008586     25.08949814      0.00013617
      0.00000000    168.98653644       1011.53788425     25.08454530      0.00013612
      0.00000000    169.48083330       1011.53568262     25.07959247      0.00013607
      0.00000000    169.97513124       1011.53348097     25.07463965      0.00013601
      0.00000000    170.46943025       1011.53127929     25.06968684      0.00013596
      0.00000000    170.96373033       1011.52907759     25.06473403      0.00013591
      0.00000000    171.45803150       1011.52687586     25.05978124      0.00013585
      0.00000000    171.95233374       1011.52467411     25.05482846      0.00013580
      0.00000000    172.44663705       1011.52247234     25.04987569      0.00013575
      0.00000000    172.94094144       1011.52027054     25.04492292      0.00013570
      0.00000000    173.43524691       1011.51806871     25.03997017      0.00013564
      0.00000000    173.92955346       1011.51586686     25.03501742      0.00013559
      0.00000000    174.42386107       1011.51366499     25.03006468      0.00013554
      0.00000000    174.91816977       1011.51146309     25.02511196      0.00013548
      0.00000000    175.41247954       1011.50926116     25.02015924      0.00013543
      0.00000000    175.90679039       1011.50705922     25.01520653      0.00013538
      0.00000000    176.40110231       1011.50485724     25.01025383      0.00013533
      0.00000000    176.89541531       1011.50265525     25.00530115      0.00013527
      0.00000000    177.38972939       1011.50045322     25.00034847      0.00013522
      0.00000000    177.88404454       1011.49825118     24.99539580      0.00013517
      0.00000000    178.37836077       1011.49604911     24.99044314      0.00013511
      0.00000000    178.87267807       1011.49384701     24.98549048      0.00013506
      0.00000000    179.36699645       1011.49164489     24.98053784      0.00013501
      0.00000000    179.86131591       1011.48944275     24.97558521      0.00013495
      0.00000000    180.35563644       1011.48724058     24.97063259      0.00013490
      0.00000000    180.84995805       1011.48503838     24.96567997      0.00013485
      0.00000000    181.34428073       1011.48283616     24.96072737      0.00013480
      0.00000000    181.83860449       1011.48063392     24.95577477      0.00013474
      0.00000000    182.33292933       1011.47843165     24.95082219      0.00013469
      0.00000000    182.82725525       1011.47622936     24.94586961      0.00013464
      0.00000000    183.32158224       1011.47402705     24.94091705      0.00013458
      0.00000000    183.81591030       1011.47182470     24.93596449      0.00013453
      0.00000000    184.31023944       1011.46962234     24.93101194      0.00013448
      0.00000000    184.80456966       1011.46741995     24.92605940      0.00013443
      0.00000000    185.29890096       1011.46521753     24.92110687      0.00013437
      0.00000000    185.79323333       1011.46301509     24.91615435      0.00013432
      0.00000000    186.28756678       1011.46081263     24.91120184      0.00013427
      0.00000000    186.78190130       1011.45861014     24.90624934      0.00013422
      0.00000000    187.27623691       1011.45640763     24.90129685      0.00013416
      0.00000000    187.77057358       1011.45420509     24.89634437      0.00013411
      0.00000000    188.26491134       1011.45200253     24.89139190      0.00013406
      0.00000000    188.75925017       1011.44979994     24.88643944      0.00013400
      0.00000000    189.25359007       1011.44759733     24.88148698      0.00013395
      0.00000000    189.74793106       1011.44539469     24.87653454      0.00013390
      0.00000000    190.24227312       1011.44319203     24.87158210      0.00013385
      0.00000000    190.73661625       1011.44098935     24.86662968      0.00013379
      0.00000000    191.23096047       1011.43878663     24.86167726      0.00013374
      0.00000000    191.72530576       1011.43658390     24.85672486      0.00013369
      0.00000000    192.21965212       1011.43438114     24.85177246      0.00013364
      0.00000000    192.71399957       1011.43217836     24.84682007      0.00013358
      0.00000000    193.20834809       1011.42997555     24.84186770      0.00013353
      0.00000000    193.70269768       1011.42777272     24.83691533      0.00013348
      0.00000000    194.19704835       1011.42556986     24.83196297      0.00013343
      0.00000000    194.69140010       1011.42336698     24.82701062      0.00013337
      0.00000000    195.18575293       1011.42116407     24.82205828      0.00013332
      0.00000000    195.68010683       1011.41896114     24.81710595      0.00013327
      0.00000000    196.17446181       1011.41675818     24.81215363      0.00013322
      0.00000000    196.66881787       1011.41455520     24.80720131      0.00013316
      0.00000000    197.16317500       1011.41235220     24.80224901      0.00013311
      0.00000000    197.65753321       1011.41014917     24.79729672      0.00013306
      0.00000000    198.15189250       1011.40794611     24.79234443      0.00013301
      0.00000000    198.64625286       1011.40574303     24.78739216      0.00013295
      0.00000000    199.14061430       1011.40353993     24.78243990      0.00013290
      0.00000000    199.63497682       1011.40133680     24.77748764      0.00013285
      0.00000000    200.12934042       1011.39913365     24.77253539      0.00013280
      0.00000000    200.62370509       1011.39693047     24.76758316      0.00013274
      0.00000000    201.11807083       1011.39472727     24.76263093      0.00013269
      0.00000000    201.61243766       1011.39252404     24.75767871      0.00013264
      0.00000000    202.10680556       1011.39032079     24.75272651      0.00013259
      0.00000000    202.60117454       1011.38811752     24.74777431      0.00013253
      0.00000000    203.09554460       1011.38591422     24.74282212      0.00013248
      0.00000000    203.58991573       1011.38371089     24.73786994      0.00013243
      0.00000000    204.08428794       1011.38150754     24.73291777      0.00013238
      0.00000000    204.57866122       1011.37930417     24.72796561      0.00013232
      0.00000000    205.07303559       1011.37710077     24.72301345      0.00013227
      0.00000000    205.56741103       1011.37489735     24.71806131      0.00013222
      0.00000000    206.06178755       1011.37269390     24.71310918      0.00013217
      0.00000000    206.55616514       1011.37049042     24.70815706      0.00013211
      0.00000000    207.05054381       1011.36828693     24.70320494      0.00013206
      0.00000000    207.54492356       1011.36608341     24.69825284      0.00013201
      0.00000000    208.03930439       1011.36387986     24.69330074      0.00013196
      0.00000000    208.53368629       1011.36167629     24.68834866      0.00013191
      0.00000000    209.02806927       1011.35947269     24.68339658      0.00013185
      0.00000000    209.52245333       1011.35726907     24.67844452      0.00013180
      0.00000000    210.01683847       1011.35506543     24.67349246      0.00013175
      0.00000000    210.51122468       1011.35286176     24.66854041      0.00013170
      0.00000000    211.00561197       1011.35065806     24.66358837      0.00013164
      0.00000000    211.50000033       1011.34845435     24.65863634      0.00013159
      0.00000000    211.99438978       1011.34625060     24.65368432      0.00013154
      0.00000000    212.48878030       1011.34404684     24.64873231      0.00013149
      0.00000000    212.98317190       1011.34184304     24.64378031      0.00013144
      0.00000000    213.47756457       1011.33963923     24.63882832      0.00013138
      0.00000000    213.97195833       1011.33743538     24.63387634      0.00013133
      0.00000000    214.46635316       1011.33523152     24.62892437      0.00013128
      0.00000000    214.96074907       1011.33302763     24.62397241      0.00013123
      0.00000000    215.45514605       1011.33082371     24.61902045      0.00013117
      0.00000000    215.94954411       1011.32861977     24.61406851      0.00013112
      0.00000000    216.44394325       1011.32641581     24.60911658      0.00013107
      0.00000000    216.93834347       1011.32421182     24.60416465      0.00013102
      0.00000000    217.43274477       1011.32200780     24.59921274      0.00013097
      0.00000000    217.92714714       1011.31980376     24.59426083      0.00013091
      0.00000000    218.42155059       1011.31759970     24.58930893      0.00013086
      0.00000000    218.91595512       1011.31539561     24.58435705      0.00013081
      0.00000000    219.41036072       1011.31319150     24.57940517      0.00013076
      0.00000000    219.90476740       1011.31098736     24.57445330      0.00013071
      0.00000000    220.39917516       1011.30878320     24.56950144      0.00013065
      0.00000000    220.89358400       1011.30657902     24.56454959      0.00013060
      0.00000000    221.38799392       1011.30437481     24.55959775      0.00013055
      0.00000000    221.88240491       1011.30217057     24.55464592      0.00013050
      0.00000000    222.37681698       1011.29996631     24.54969410      0.00013045
      0.00000000    222.87123013       1011.29776203     24.54474229      0.00013039
      0.00000000    223.36564435       1011.29555772     24.53979049      0.00013034
      0.00000000    223.86005966       1011.29335338     24.53483869      0.00013029
      0.00000000    224.35447604       1011.29114902     24.52988691      0.00013024
      0.00000000    224.84889350       1011.28894464     24.52493514      0.00013019
      0.00000000    225.34331203       1011.28674023     24.51998337      0.00013013
      0.00000000    225.83773165       1011.28453580     24.51503162      0.00013008
      0.00000000    226.33215234       1011.28233134     24.51007987      0.00013003
      0.00000000    226.82657411       1011.28012686     24.50512814      0.00012998
      0.00000000    227.32099696       1011.27792235     24.50017641      0.00012993
      0.00000000    227.81542088       1011.27571782     24.49522469      0.00012987
      0.00000000    228.30984589       1011.27351327     24.49027299      0.00012982
      0.00000000    228.80427197       1011.27130869     24.48532129      0.00012977
      0.00000000    229.29869913       1011.26910408     24.48036960      0.00012972
      0.00000000    229.79312736       1011.26689945     24.47541792      0.00012967
      0.00000000    230.28755668       1011.26469480     24.47046625      0.00012961
      0.00000000    230.78198707       1011.26249012     24.46551459      0.00012956
      0.00000000    231.27641854       1011.26028542     24.46056294      0.00012951
      0.00000000    231.77085109       1011.25808069     24.45561130      0.00012946
      0.00000000    232.26528471       1011.25587594     24.45065967      0.00012941
      0.00000000    232.75971942       1011.25367116     24.44570804      0.00012936
      0.00000000    233.25415520       1011.25146636     24.44075643      0.00012930
      0.00000000    233.74859206       1011.24926153     24.43580483      0.00012925
      0.00000000    234.24303000       1011.24705668     24.43085323      0.00012920
      0.00000000    234.73746902       1011.24485180     24.42590165      0.00012915
      0.00000000    235.23190911       1011.24264690     24.42095007      0.00012910
      0.00000000    235.72635028       1011.24044198     24.41599851      0.00012904
      0.00000000    236.22079253       1011.23823703     24.41104695      0.00012899
      0.00000000    236.71523586       1011.23603206     24.40609541      0.00012894
      0.00000000    237.20968027       1011.23382706     24.40114387      0.00012889
      0.00000000    237.70412575       1011.23162203     24.39619234      0.00012884
      0.00000000    238.19857232       1011.22941698     24.39124082      0.00012879
      0.00000000    238.69301996       1011.22721191     24.38628931      0.00012873
      0.00000000    239.18746868       1011.22500681     24.38133781      0.00012868
      0.00000000    239.68191848       1011.22280169     24.37638632      0.00012863
      0.00000000    240.17636935       1011.22059655     24.37143484      0.00012858
      0.00000000    240.67082131       1011.21839137     24.36648337      0.00012853
      0.00000000    241.16527434       1011.21618618     24.36153191      0.00012848
      0.00000000    241.65972845       1011.21398096     24.35658046      0.00012842
      0.00000000    242.15418364       1011.21177571     24.35162902      0.00012837
      0.00000000    242.64863990       1011.20957044     24.34667758      0.00012832
      0.00000000    243.14309725       1011.20736515     24.34172616      0.00012827
      0.00000000    243.63755567       1011.20515983     24.33677475      0.00012822
      0.00000000    244.13201518       1011.20295448     24.33182334      0.00012817
      0.00000000    244.62647576       1011.20074912     24.32687195      0.00012811
      0.00000000    245.12093742       1011.19854372     24.32192056      0.00012806
      0.00000000    245.61540015       1011.19633831     24.31696918      0.00012801
      0.00000000    246.10986397       1011.19413286     24.31201782      0.00012796
      0.00000000    246.60432886       1011.19192740     24.30706646      0.00012791
      0.00000000    247.09879484       1011.18972190     24.30211511      0.00012786
      0.00000000    247.59326189       1011.18751639     24.29716377      0.00012781
      0.00000000    248.08773002       1011.18531085     24.29221244      0.00012775
      0.00000000    248.58219923       1011.18310528     24.28726112      0.00012770
      0.00000000    249.07666951       1011.18089969     24.28230981      0.00012765
      0.00000000    249.57114088       1011.17869408     24.27735851      0.00012760
      0.00000000    250.06561332       1011.17648844     24.27240722      0.00012755
      0.00000000    250.56008684       1011.17428277     24.26745594      0.00012750
      0.00000000    251.05456144       1011.17207708     24.26250467      0.00012744
      0.00000000    251.54903712       1011.16987137     24.25755341      0.00012739
      0.00000000    252.04351388       1011.16766563     24.25260215      0.00012734
      0.00000000    252.53799172       1011.16545987     24.24765091      0.00012729
      0.00000000    253.03247063       1011.16325408     24.24269967      0.00012724
      0.00000000    253.52695063       1011.16104827     24.23774845      0.00012719
      0.00000000    254.02143170       1011.15884243     24.23279723      0.00012714
      0.00000000    254.51591385       1011.15663657     24.22784603      0.00012709
      0.00000000    255.01039708       1011.15443068     24.22289483      0.00012703
      0.00000000    255.50488139       1011.15222477     24.21794365      0.00012698
      0.00000000    255.99936678       1011.15001884     24.21299247      0.00012693
      0.00000000    256.49385325       1011.14781288     24.20804130      0.00012688
      0.00000000    256.98834079       1011.14560689     24.20309014      0.00012683
      0.00000000    257.48282942       1011.14340088     24.19813899      0.00012678
      0.00000000    257.97731912       1011.14119485     24.19318785      0.00012673
      0.00000000    258.47180990       1011.13898879     24.18823672      0.00012667
      0.00000000    258.96630176       1011.13678271     24.18328560      0.00012662
      0.00000000    259.46079470       1011.13457660     24.17833449      0.00012657
      0.00000000    259.95528872       1011.13237047     24.17338339      0.00012652
      0.00000000    260.44978382       1011.13016431     24.16843230      0.00012647
      0.00000000    260.94427999       1011.12795813     24.16348121      0.00012642
      0.00000000    261.43877725       1011.12575192     24.15853014      0.00012637
      0.00000000    261.93327558       1011.12354569     24.15357908      0.00012632
      0.00000000    262.42777500       1011.12133943     24.14862802      0.00012626
      0.00000000    262.92227549       1011.11913315     24.14367698      0.00012621
      0.00000000    263.41677706       1011.11692685     24.13872594      0.00012616
      0.00000000    263.91127971       1011.11472052     24.13377492      0.00012611
      0.00000000    264.40578344       1011.11251416     24.12882390      0.00012606
      0.00000000    264.90028825       1011.11030779     24.12387289      0.00012601
      0.00000000    265.39479414       1011.10810138     24.11892190      0.00012596
      0.00000000    265.88930110       1011.10589495     24.11397091      0.00012591
      0.00000000    266.38380915       1011.10368850     24.10901993      0.00012586
      0.00000000    266.87831827       1011.10148202     24.10406896      0.00012580
      0.00000000    267.37282848       1011.09927552     24.09911800      0.00012575
      0.00000000    267.86733976       1011.09706899     24.09416705      0.00012570
      0.00000000    268.36185212       1011.09486244     24.08921611      0.00012565
      0.00000000    268.85636556       1011.09265586     24.08426518      0.00012560
      0.00000000    269.35088008       1011.09044926     24.07931426      0.00012555
      0.00000000    269.84539568       1011.08824264     24.07436335      0.00012550
      0.00000000    270.33991236       1011.08603599     24.06941245      0.00012545
      0.00000000    270.83443012       1011.08382931     24.06446155      0.00012540
      0.00000000    271.32894896       1011.08162261     24.05951067      0.00012534
      0.00000000    271.82346887       1011.07941589     24.05455979      0.00012529
      0.00000000    272.31798987       1011.07720914     24.04960893      0.00012524
      0.00000000    272.81251195       1011.07500236     24.04465808      0.00012519
      0.00000000    273.30703510       1011.07279556     24.03970723      0.00012514
      0.00000000    273.80155934       1011.07058874     24.03475639      0.00012509
      0.00000000    274.29608465       1011.06838189     24.02980557      0.00012504
      0.00000000    274.79061104       1011.06617502     24.02485475      0.00012499
      0.00000000    275.28513851       1011.06396812     24.01990394      0.00012494
      0.00000000    275.77966707       1011.06176120     24.01495314      0.00012489
      0.00000000    276.27419670       1011.05955426     24.01000236      0.00012483
      0.00000000    276.76872741       1011.05734728     24.00505158      0.00012478
      0.00000000    277.26325920       1011.05514029     24.00010081      0.00012473
      0.00000000    277.75779207       1011.05293327     23.99515005      0.00012468
      0.00000000    278.25232602       1011.05072622     23.99019930      0.00012463
      0.00000000    278.74686105       1011.04851915     23.98524855      0.00012458
      0.00000000    279.24139716       1011.04631206     23.98029782      0.00012453
      0.00000000    279.73593434       1011.04410494     23.97534710      0.00012448
      0.00000000    280.23047261       1011.04189779     23.97039639      0.00012443
      0.00000000    280.72501196       1011.03969063     23.96544568      0.00012438
      0.00000000    281.21955238       1011.03748343     23.96049499      0.00012433
      0.00000000    281.71409389       1011.03527621     23.95554431      0.00012427
      0.00000000    282.20863648       1011.03306897     23.95059363      0.00012422
      0.00000000    282.70318014       1011.03086170     23.94564297      0.00012417
      0.00000000    283.19772489       1011.02865441     23.94069231      0.00012412
      0.00000000    283.69227071       1011.02644709     23.93574166      0.00012407
      0.00000000    284.18681762       1011.02423975     23.93079103      0.00012402
      0.00000000    284.68136560       1011.02203239     23.92584040      0.00012397
      0.00000000    285.17591467       1011.01982500     23.92088978      0.00012392
      0.00000000    285.67046481       1011.01761758     23.91593917      0.00012387
      0.00000000    286.16501603       1011.01541014     23.91098857      0.00012382
      0.00000000    286.65956834       1011.01320268     23.90603799      0.00012377
      0.00000000    287.15412172       1011.01099519     23.90108741      0.00012372
      0.00000000    287.64867618       1011.00878767     23.89613684      0.00012367
      0.00000000    288.14323173       1011.00658013     23.89118627      0.00012361
      0.00000000    288.63778835       1011.00437257     23.88623572      0.00012356
      0.00000000    289.13234605       1011.00216498     23.88128518      0.00012351
      0.00000000    289.62690484       1010.99995737     23.87633465      0.00012346
      0.00000000    290.12146470       1010.99774973     23.87138413      0.00012341
      0.00000000    290.61602564       1010.99554207     23.86643361      0.00012336
      0.00000000    291.11058766       1010.99333438     23.86148311      0.00012331
      0.00000000    291.60515077       1010.99112667     23.85653261      0.00012326
      0.00000000    292.09971495       1010.98891893     23.85158213      0.00012321
      0.00000000    292.59428021       1010.98671117     23.84663165      0.00012316
      0.00000000    293.08884655       1010.98450339     23.84168119      0.00012311
      0.00000000    293.58341398       1010.98229558     23.83673073      0.00012306
      0.00000000    294.07798248       1010.98008774     23.83178029      0.00012301
      0.00000000    294.57255206       1010.97787988     23.82682985      0.00012296
      0.00000000    295.06712272       1010.97567200     23.82187942      0.00012291
      0.00000000    295.56169447       1010.97346409     23.81692900      0.00012286
      0.00000000    296.05626729       1010.97125615     23.81197859      0.00012280
      0.00000000    296.55084119       1010.96904819     23.80702819      0.00012275
      0.00000000    297.04541617       1010.96684021     23.80207780      0.00012270
      0.00000000    297.53999224       1010.96463220     23.79712742      0.00012265
      0.00000000    298.03456938       1010.96242417     23.79217705      0.00012260
      0.00000000    298.52914761       1010.96021611     23.78722669      0.00012255
      0.00000000    299.02372691       1010.95800803     23.78227634      0.00012250
      0.00000000    299.51830729       1010.95579992     23.77732600      0.00012245
      0.00000000    300.01288876       1010.95359179     23.77237566      0.00012240
      0.00000000    300.50747130       1010.95138364     23.76742534      0.00012235
      0.00000000    301.00205493       1010.94917546     23.76247503      0.00012230
      0.00000000    301.49663963       1010.94696725     23.75752472      0.00012225
      0.00000000    301.99122542       1010.94475902     23.75257443      0.00012220
      0.00000000    302.48581228       1010.94255076     23.74762414      0.00012215
      0.00000000    302.98040023       1010.94034248     23.74267387      0.00012210
      0.00000000    303.47498926       1010.93813418     23.73772360      0.00012205
      0.00000000    303.96957936       1010.93592585     23.73277334      0.00012200
      0.00000000    304.46417055       1010.93371750     23.72782310      0.00012195
      0.00000000    304.95876282       1010.93150912     23.72287286      0.00012190
      0.00000000    305.45335617       1010.92930072     23.71792263      0.00012185
      0.00000000    305.94795060       1010.92709229     23.71297241      0.00012180
      0.00000000    306.44254611       1010.92488384     23.70802220      0.00012175
      0.00000000    306.93714270       1010.92267536     23.70307200      0.00012170
      0.00000000    307.43174037       1010.92046686     23.69812181      0.00012164
      0.00000000    307.92633912       1010.91825833     23.69317163      0.00012159
      0.00000000    308.42093895       1010.91604978     23.68822146      0.00012154
      0.00000000    308.91553986       1010.91384120     23.68327130      0.00012149
      0.00000000    309.41014185       1010.91163260     23.67832115      0.00012144
      0.00000000    309.90474493       1010.90942397     23.67337101      0.00012139
      0.00000000    310.39934908       1010.90721532     23.66842087      0.00012134
      0.00000000    310.89395431       1010.90500665     23.66347075      0.00012129
      0.00000000    311.38856063       1010.90279795     23.65852064      0.00012124
      0.00000000    311.88316802       1010.90058923     23.65357053      0.00012119
      0.00000000    312.37777650       1010.89838048     23.64862044      0.00012114
      0.00000000    312.87238606       1010.89617170     23.64367035      0.00012109
      0.00000000    313.36699669       1010.89396290     23.63872027      0.00012104
      0.00000000    313.86160841       1010.89175408     23.63377021      0.00012099
      0.00000000    314.35622121       1010.88954523     23.62882015      0.00012094
      0.00000000    314.85083509       1010.88733636     23.62387010      0.00012089
      0.00000000    315.34545005       1010.88512746     23.61892007      0.00012084
      0.00000000    315.84006609       1010.88291854     23.61397004      0.00012079
      0.00000000    316.33468321       1010.88070959     23.60902002      0.00012074
      0.00000000    316.82930142       1010.87850062     23.60407001      0.00012069
      0.00000000    317.32392070       1010.87629163     23.59912001      0.00012064
      0.00000000    317.81854107       1010.87408261     23.59417002      0.00012059
      0.00000000    318.31316251       1010.87187356     23.58922004      0.00012054
      0.00000000    318.80778504       1010.86966449     23.58427007      0.00012049
      0.00000000    319.30240865       1010.86745539     23.57932010      0.00012044
      0.00000000    319.79703333       1010.86524627     23.57437015      0.00012039
      0.00000000    320.29165910       1010.86303713     23.56942021      0.00012034
      0.00000000    320.78628595       1010.86082796     23.56447028      0.00012029
      0.00000000    321.28091388       1010.85861877     23.55952035      0.00012024
      0.00000000    321.77554290       1010.85640955     23.55457044      0.00012019
      0.00000000    322.27017299       1010.85420030     23.54962053      0.00012014
      0.00000000    322.76480416       1010.85199104     23.54467064      0.00012009
      0.00000000    323.25943642       1010.84978174     23.53972075      0.00012004
      0.00000000    323.75406976       1010.84757243     23.53477088      0.00011999
      0.00000000    324.24870417       1010.84536308     23.52982101      0.00011994
      0.00000000    324.74333967       1010.84315372     23.52487115      0.00011989
      0.00000000    325.23797625       1010.84094432     23.51992131      0.00011984
      0.00000000    325.73261391       1010.83873491     23.51497147      0.00011979
      0.00000000    326.22725265       1010.83652547     23.51002164      0.00011974
      0.00000000    326.72189248       1010.83431600     23.50507182      0.00011969
      0.00000000    327.21653338       1010.83210651     23.50012201      0.00011964
      0.00000000    327.71117537       1010.82989699     23.49517221      0.00011959
      0.00000000    328.20581843       1010.82768745     23.49022242      0.00011954
      0.00000000    328.70046258       1010.82547789     23.48527264      0.00011949
      0.00000000    329.19510781       1010.82326830     23.48032287      0.00011944
      0.00000000    329.68975412       1010.82105869     23.47537311      0.00011939
      0.00000000    330.18440151       1010.81884905     23.47042336      0.00011934
      0.00000000    330.67904998       1010.81663938     23.46547361      0.00011929
      0.00000000    331.17369954       1010.81442969     23.46052388      0.00011924
      0.00000000    331.66835017       1010.81221998     23.45557416      0.00011919
      0.00000000    332.16300189       1010.81001024     23.45062444      0.00011914
      0.00000000    332.65765469       1010.80780048     23.44567474      0.00011909
      0.00000000    333.15230857       1010.80559069     23.44072504      0.00011904
      0.00000000    333.64696353       1010.80338088     23.43577536      0.00011899
      0.00000000    334.14161957       1010.80117104     23.43082568      0.00011894
      0.00000000    334.63627669       1010.79896118     23.42587601      0.00011889
      0.00000000    335.13093490       1010.79675130     23.42092636      0.00011884
      0.00000000    335.62559419       1010.79454139     23.41597671      0.00011879
      0.00000000    336.12025455       1010.79233145     23.41102707      0.00011874
      0.00000000    336.61491600       1010.79012149     23.40607744      0.00011869
      0.00000000    337.10957854       1010.78791150     23.40112782      0.00011864
      0.00000000    337.60424215       1010.78570149     23.39617821      0.00011859
      0.00000000    338.09890684       1010.78349146     23.39122862      0.00011854
      0.00000000    338.59357262       1010.78128140     23.38627902      0.00011849
      0.00000000    339.08823948       1010.77907132     23.38132944      0.00011845
      0.00000000    339.58290742       1010.77686121     23.37637987      0.00011840
      0.00000000    340.07757644       1010.77465107     23.37143031      0.00011835
      0.00000000    340.57224654       1010.77244091     23.36648076      0.00011830
      0.00000000    341.06691772       1010.77023073     23.36153122      0.00011825
      0.00000000    341.56158999       1010.76802052     23.35658168      0.00011820
      0.00000000    342.05626333       1010.76581029     23.35163216      0.00011815
      0.00000000    342.55093776       1010.76360003     23.34668265      0.00011810
      0.00000000    343.04561327       1010.76138975     23.34173314      0.00011805
      0.00000000    343.54028987       1010.75917944     23.33678365      0.00011800
      0.00000000    344.03496754       1010.75696911     23.33183416      0.00011795
      0.00000000    344.52964630       1010.75475876     23.32688469      0.00011790
      0.00000000    345.02432613       1010.75254838     23.32193522      0.00011785
      0.00000000    345.51900705       1010.75033797     23.31698576      0.00011780
      0.00000000    346.01368906       1010.74812754     23.31203632      0.00011775
      0.00000000    346.50837214       1010.74591708     23.30708688      0.00011770
      0.00000000    347.00305630       1010.74370660     23.30213745      0.00011765
      0.00000000    347.49774155       1010.74149610     23.29718803      0.00011760
      0.00000000    347.99242788       1010.73928557     23.29223862      0.00011755
      0.00000000    348.48711529       1010.73707502     23.28728922      0.00011750
      0.00000000    348.98180378       1010.73486444     23.28233983      0.00011745
      0.00000000    349.47649336       1010.73265383     23.27739045      0.00011740
      0.00000000    349.97118401       1010.73044320     23.27244108      0.00011735
      0.00000000    350.46587575       1010.72823255     23.26749172      0.00011731
      0.00000000    350.96056857       1010.72602187     23.26254237      0.00011726
      0.00000000    351.45526247       1010.72381117     23.25759303      0.00011721
      0.00000000    351.94995746       1010.72160044     23.25264369      0.00011716
      0.00000000    352.44465352       1010.71938969     23.24769437      0.00011711
      0.00000000    352.93935067       1010.71717891     23.24274506      0.00011706
      0.00000000    353.43404890       1010.71496811     23.23779575      0.00011701
      0.00000000    353.92874822       1010.71275728     23.23284646      0.00011696
      0.00000000    354.42344861       1010.71054643     23.22789717      0.00011691
      0.00000000    354.91815009       1010.70833556     23.22294790      0.00011686
      0.00000000    355.41285265       1010.70612466     23.21799863      0.00011681
      0.00000000    355.90755629       1010.70391373     23.21304938      0.00011676
      0.00000000    356.40226101       1010.70170278     23.20810013      0.00011671
      0.00000000    356.89696682       1010.69949181     23.20315089      0.00011666
      0.00000000    357.39167370       1010.69728081     23.19820166      0.00011661
      0.00000000    357.88638167       1010.69506978     23.19325245      0.00011656
      0.00000000    358.38109073       1010.69285873     23.18830324      0.00011652
      0.00000000    358.87580086       1010.69064766     23.18335404      0.00011647
      0.00000000    359.37051208       1010.68843656     23.17840485      0.00011642
      0.00000000    359.86522438       1010.68622544     23.17345567      0.00011637
      0.00000000    360.35993776       1010.68401429     23.16850650      0.00011632
      0.00000000    360.85465222       1010.68180311     23.16355734      0.00011627
      0.00000000    361.34936777       1010.67959192     23.15860819      0.00011622
      0.00000000    361.84408440       1010.67738069     23.15365904      0.00011617
      0.00000000    362.33880211       1010.67516945     23.14870991      0.00011612
      0.00000000    362.83352090       1010.67295817     23.14376079      0.00011607
      0.00000000    363.32824078       1010.67074688     23.13881168      0.00011602
      0.00000000    363.82296173       1010.66853556     23.13386257      0.00011597
      0.00000000    364.31768377       1010.66632421     23.12891348      0.00011592
      0.00000000    364.81240690       1010.66411284     23.12396439      0.00011588
      0.00000000    365.30713110       1010.66190144     23.11901532      0.00011583
      0.00000000    365.80185639       1010.65969002     23.11406625      0.00011578
      0.00000000    366.29658276       1010.65747858     23.10911720      0.00011573
      0.00000000    366.79131021       1010.65526711     23.10416815      0.00011568
      0.00000000    367.28603875       1010.65305561     23.09921912      0.00011563
      0.00000000    367.78076837       1010.65084409     23.09427009      0.00011558
      0.00000000    368.27549907       1010.64863255     23.08932107      0.00011553
      0.00000000    368.77023085       1010.64642098     23.08437206      0.00011548
      0.00000000    369.26496371       1010.64420938     23.07942306      0.00011543
      0.00000000    369.75969766       1010.64199776     23.07447407      0.00011538
      0.00000000    370.25443269       1010.63978612     23.06952510      0.00011534
      0.00000000    370.74916881       1010.63757445     23.06457613      0.00011529
      0.00000000    371.24390600       1010.63536276     23.05962717      0.00011524
      0.00000000    371.73864428       1010.63315104     23.05467821      0.00011519
      0.00000000    372.23338364       1010.63093930     23.04972927      0.00011514
      0.00000000    372.72812409       1010.62872753     23.04478034      0.00011509
      0.00000000    373.22286562       1010.62651574     23.03983142      0.00011504
      0.00000000    373.71760823       1010.62430392     23.03488251      0.00011499
      0.00000000    374.21235192       1010.62209208     23.02993360      0.00011494
      0.00000000    374.70709669       1010.61988021     23.02498471      0.00011489
      0.00000000    375.20184255       1010.61766832     23.02003583      0.00011485
      0.00000000    375.69658949       1010.61545640     23.01508695      0.00011480
      0.00000000    376.19133752       1010.61324446     23.01013809      0.00011475
      0.00000000    376.68608662       1010.61103250     23.00518923      0.00011470
      0.00000000    377.18083681       1010.60882051     23.00024039      0.00011465
      0.00000000    377.67558809       1010.60660849     22.99529155      0.00011460
      0.00000000    378.17034044       1010.60439645     22.99034273      0.00011455
      0.00000000    378.66509388       1010.60218439     22.98539391      0.00011450
      0.00000000    379.15984840       1010.59997230     22.98044510      0.00011445
      0.00000000    379.65460401       1010.59776018     22.97549630      0.00011441
      0.00000000    380.14936069       1010.59554804     22.97054752      0.00011436
      0.00000000    380.64411846       1010.59333588     22.96559874      0.00011431
      0.00000000    381.13887732       1010.59112369     22.96064997      0.00011426
      0.00000000    381.63363725       1010.58891148     22.95570121      0.00011421
      0.00000000    382.12839827       1010.58669924     22.95075246      0.00011416
      0.00000000    382.62316037       1010.58448698     22.94580372      0.00011411
      0.00000000    383.11792356       1010.58227469     22.94085499      0.00011406
      0.00000000    383.61268783       1010.58006238     22.93590627      0.00011401
      0.00000000    384.10745318       1010.57785004     22.93095755      0.00011397
      0.00000000    384.60221962       1010.57563768     22.92600885      0.00011392
      0.00000000    385.09698713       1010.57342529     22.92106016      0.00011387
      0.00000000    385.59175573       1010.57121288     22.91611148      0.00011382
      0.00000000    386.08652542       1010.56900044     22.91116280      0.00011377
      0.00000000    386.58129619       1010.56678798     22.90621414      0.00011372
      0.00000000    387.07606804       1010.56457550     22.90126549      0.00011367
      0.00000000    387.57084097       1010.56236298     22.89631684      0.00011362
      0.00000000    388.06561499       1010.56015045     22.89136821      0.00011358
      0.00000000    388.56039009       1010.55793789     22.88641958      0.00011353
      0.00000000    389.05516627       1010.55572530     22.88147096      0.00011348
      0.00000000    389.54994354       1010.55351269     22.87652236      0.00011343
      0.00000000    390.04472189       1010.55130006     22.87157376      0.00011338
      0.00000000    390.53950132       1010.54908740     22.86662517      0.00011333
      0.00000000    391.03428184       1010.54687471     22.86167660      0.00011328
      0.00000000    391.52906344       1010.54466201     22.85672803      0.00011324
      0.00000000    392.02384612       1010.54244927     22.85177947      0.00011319
      0.00000000    392.51862989       1010.54023651     22.84683092      0.00011314
      0.00000000    393.01341474       1010.53802373     22.84188238      0.00011309
      0.00000000    393.50820068       1010.53581092     22.83693385      0.00011304
      0.00000000    394.00298769       1010.53359809     22.83198533      0.00011299
      0.00000000    394.49777580       1010.53138523     22.82703682      0.00011294
      0.00000000    394.99256498       1010.52917235     22.82208832      0.00011290
      0.00000000    395.48735525                         0.00000000      0.00000000
nr1 = 	21		9.87880127277023
nr2 = 	102		49.8923266017442
nr3 = 	203		99.7955868590533
nr4 = 	405		199.634976821072
  n = 	800		394.99256497992
  n1 = 	801		395.487355247913
